<?xml version="1.0" encoding="UTF-8"?>
<!-- Generated by org.testng.reporters.JUnitReportReporter -->
<testsuite hostname="LAPTOP-ULCVVG57" failures="0" tests="9" name="runner.TestRunner" time="152.507" errors="0" timestamp="2021-11-18T19:09:52 IST" skipped="0">
  <testcase classname="runner.TestRunner" name="runScenario" time="17.633"/>
  <system-out/>
  <testcase classname="runner.TestRunner" name="runScenario" time="16.060"/>
  <system-out/>
  <testcase classname="runner.TestRunner" name="runScenario" time="11.379"/>
  <system-out/>
  <testcase classname="runner.TestRunner" name="runScenario" time="16.052"/>
  <system-out/>
  <testcase classname="runner.TestRunner" name="runScenario" time="17.292"/>
  <system-out/>
  <testcase classname="runner.TestRunner" name="runScenario" time="17.172"/>
  <system-out/>
  <testcase classname="runner.TestRunner" name="runScenario" time="19.539"/>
  <system-out/>
  <testcase classname="runner.TestRunner" name="runScenario" time="24.959"/>
  <system-out/>
  <testcase classname="runner.TestRunner" name="runScenario" time="12.421"/>
  <system-out/>
</testsuite> <!-- runner.TestRunner -->
